<?xml version="1.0" encoding="UTF-8"?>
<testng-results skipped="0" failed="0" total="1" passed="1">
  <reporter-output>
  </reporter-output>
  <suite name="Default suite" duration-ms="65495" started-at="2022-02-20T19:00:11Z" finished-at="2022-02-20T19:01:16Z">
    <groups>
    </groups>
    <test name="Default test" duration-ms="65495" started-at="2022-02-20T19:00:11Z" finished-at="2022-02-20T19:01:16Z">
      <class name="hdfc.login.test.LoanInformationTest">
        <test-method status="PASS" signature="loanSetUp()[pri:0, instance:hdfc.login.test.LoanInformationTest@657c8ad9]" name="loanSetUp" is-config="true" duration-ms="30618" started-at="2022-02-21T00:30:11Z" finished-at="2022-02-21T00:30:42Z">
          <reporter-output>
          </reporter-output>
        </test-method> <!-- loanSetUp -->
        <test-method status="PASS" signature="consent()[pri:0, instance:hdfc.login.test.LoanInformationTest@657c8ad9]" name="consent" duration-ms="34848" started-at="2022-02-21T00:30:42Z" finished-at="2022-02-21T00:31:16Z">
          <reporter-output>
          </reporter-output>
        </test-method> <!-- consent -->
      </class> <!-- hdfc.login.test.LoanInformationTest -->
    </test> <!-- Default test -->
  </suite> <!-- Default suite -->
</testng-results>
