<?xml version="1.0" encoding="UTF-8"?>
<testng-results skipped="0" failed="0" total="1" passed="1">
  <reporter-output>
  </reporter-output>
  <suite name="Default suite" duration-ms="60284" started-at="2022-02-20T18:48:39Z" finished-at="2022-02-20T18:49:40Z">
    <groups>
    </groups>
    <test name="Default test" duration-ms="60284" started-at="2022-02-20T18:48:39Z" finished-at="2022-02-20T18:49:40Z">
      <class name="hdfc.login.test.LoanInformationTest">
        <test-method status="PASS" signature="loanSetUp()[pri:0, instance:hdfc.login.test.LoanInformationTest@657c8ad9]" name="loanSetUp" is-config="true" duration-ms="24168" started-at="2022-02-21T00:18:39Z" finished-at="2022-02-21T00:19:04Z">
          <reporter-output>
          </reporter-output>
        </test-method> <!-- loanSetUp -->
        <test-method status="PASS" signature="consent()[pri:0, instance:hdfc.login.test.LoanInformationTest@657c8ad9]" name="consent" duration-ms="36097" started-at="2022-02-21T00:19:04Z" finished-at="2022-02-21T00:19:40Z">
          <reporter-output>
          </reporter-output>
        </test-method> <!-- consent -->
      </class> <!-- hdfc.login.test.LoanInformationTest -->
    </test> <!-- Default test -->
  </suite> <!-- Default suite -->
</testng-results>
